生成启动时间为 2017/7/21 22:57:37。
     1>项目“E:\documents\visual studio 2015\Projects\DayDayUp\基础题\17_7_21 二叉树的层序遍历\17_7_21 二叉树的层序遍历\17_7_21 二叉树的层序遍历.vcxproj”在节点 2 上(Build 个目标)。
     1>ClCompile:
         D:\Microsoft Visual Studio 14.0\VC\bin\CL.exe /c /ZI /nologo /W3 /WX- /sdl /Od /Oy- /D _UNICODE /D UNICODE /Gm /EHsc /RTC1 /MDd /GS /fp:precise /Zc:wchar_t /Zc:forScope /Zc:inline /Fo"Debug\\" /Fd"Debug\vc140.pdb" /Gd /TP /analyze- /errorReport:prompt test.cpp
         test.cpp
     1>e:\documents\visual studio 2015\projects\daydayup\基础题\17_7_21 二叉树的层序遍历\17_7_21 二叉树的层序遍历\test.cpp(36): warning C4346: “Level_Order”: 依赖名称不是类型
         e:\documents\visual studio 2015\projects\daydayup\基础题\17_7_21 二叉树的层序遍历\17_7_21 二叉树的层序遍历\test.cpp(36): note: 用“typename”为前缀来表示类型
     1>e:\documents\visual studio 2015\projects\daydayup\基础题\17_7_21 二叉树的层序遍历\17_7_21 二叉树的层序遍历\test.cpp(36): error C2061: 语法错误: 标识符“Level_Order”
     1>e:\documents\visual studio 2015\projects\daydayup\基础题\17_7_21 二叉树的层序遍历\17_7_21 二叉树的层序遍历\test.cpp(48): error C2143: 语法错误: 缺少“;”(在“{”的前面)
     1>e:\documents\visual studio 2015\projects\daydayup\基础题\17_7_21 二叉树的层序遍历\17_7_21 二叉树的层序遍历\test.cpp(48): error C2447: “{”: 缺少函数标题(是否是老式的形式表?)
     1>已完成生成项目“E:\documents\visual studio 2015\Projects\DayDayUp\基础题\17_7_21 二叉树的层序遍历\17_7_21 二叉树的层序遍历\17_7_21 二叉树的层序遍历.vcxproj”(Build 个目标)的操作 - 失败。

生成失败。

已用时间 00:00:01.81
